01:52:37.459 [main] INFO  testCases.TC_001_AccountRegistrationTest.verify_account_registry(TC_001_AccountRegistrationTest.java:15)oggger - ************Starting test case************
01:52:37.509 [main] INFO  testCases.TC_001_AccountRegistrationTest.verify_account_registry(TC_001_AccountRegistrationTest.java:18)oggger - Click on Account
01:52:37.599 [main] INFO  testCases.TC_001_AccountRegistrationTest.verify_account_registry(TC_001_AccountRegistrationTest.java:21)oggger - Click on Registration
01:52:37.970 [main] INFO  testCases.TC_001_AccountRegistrationTest.verify_account_registry(TC_001_AccountRegistrationTest.java:26)oggger - Providing customer details
01:52:39.896 [main] INFO  testCases.TC_001_AccountRegistrationTest.verify_account_registry(TC_001_AccountRegistrationTest.java:39)oggger - Validating expected message..
02:39:30.124 [main] INFO  testCases.TC_001_AccountRegistrationTest.verify_account_registry(TC_001_AccountRegistrationTest.java:15)oggger - ************Starting test case************
02:39:30.166 [main] INFO  testCases.TC_001_AccountRegistrationTest.verify_account_registry(TC_001_AccountRegistrationTest.java:18)oggger - Click on Account
02:39:30.277 [main] INFO  testCases.TC_001_AccountRegistrationTest.verify_account_registry(TC_001_AccountRegistrationTest.java:21)oggger - Click on Registration
02:39:30.764 [main] INFO  testCases.TC_001_AccountRegistrationTest.verify_account_registry(TC_001_AccountRegistrationTest.java:26)oggger - Providing customer details
02:39:32.726 [main] INFO  testCases.TC_001_AccountRegistrationTest.verify_account_registry(TC_001_AccountRegistrationTest.java:39)oggger - Validating expected message..
02:42:27.691 [main] INFO  testCases.TC_001_AccountRegistrationTest.verify_account_registry(TC_001_AccountRegistrationTest.java:15)oggger - ************Starting test case************
02:42:27.716 [main] INFO  testCases.TC_001_AccountRegistrationTest.verify_account_registry(TC_001_AccountRegistrationTest.java:18)oggger - Click on Account
02:42:28.305 [main] INFO  testCases.TC_001_AccountRegistrationTest.verify_account_registry(TC_001_AccountRegistrationTest.java:21)oggger - Click on Registration
02:42:28.678 [main] INFO  testCases.TC_001_AccountRegistrationTest.verify_account_registry(TC_001_AccountRegistrationTest.java:26)oggger - Providing customer details
02:42:32.494 [main] INFO  testCases.TC_001_AccountRegistrationTest.verify_account_registry(TC_001_AccountRegistrationTest.java:39)oggger - Validating expected message..
17:31:53.268 [main] INFO  testCases.TC_001_AccountRegistrationTest.verify_account_registry(TC_001_AccountRegistrationTest.java:15)oggger - ************Starting test case************
17:31:53.349 [main] INFO  testCases.TC_001_AccountRegistrationTest.verify_account_registry(TC_001_AccountRegistrationTest.java:18)oggger - Click on Account
17:31:53.484 [main] INFO  testCases.TC_001_AccountRegistrationTest.verify_account_registry(TC_001_AccountRegistrationTest.java:21)oggger - Click on Registration
17:31:53.967 [main] INFO  testCases.TC_001_AccountRegistrationTest.verify_account_registry(TC_001_AccountRegistrationTest.java:26)oggger - Providing customer details
17:31:55.665 [main] INFO  testCases.TC_001_AccountRegistrationTest.verify_account_registry(TC_001_AccountRegistrationTest.java:39)oggger - Validating expected message..
17:32:32.740 [main] INFO  testCases.TC_001_AccountRegistrationTest.verify_account_registry(TC_001_AccountRegistrationTest.java:15)oggger - ************Starting test case************
17:32:32.770 [main] INFO  testCases.TC_001_AccountRegistrationTest.verify_account_registry(TC_001_AccountRegistrationTest.java:18)oggger - Click on Account
17:32:32.903 [main] INFO  testCases.TC_001_AccountRegistrationTest.verify_account_registry(TC_001_AccountRegistrationTest.java:21)oggger - Click on Registration
17:32:33.393 [main] INFO  testCases.TC_001_AccountRegistrationTest.verify_account_registry(TC_001_AccountRegistrationTest.java:26)oggger - Providing customer details
17:32:35.441 [main] INFO  testCases.TC_001_AccountRegistrationTest.verify_account_registry(TC_001_AccountRegistrationTest.java:39)oggger - Validating expected message..
17:32:35.476 [main] INFO  testCases.TC_001_AccountRegistrationTest.verify_account_registry(TC_001_AccountRegistrationTest.java:50)oggger - *****TC finished*****
17:41:31.952 [TestNG-tests-1] INFO  testCases.TC_001_AccountRegistrationTest.verify_account_registry(TC_001_AccountRegistrationTest.java:15)oggger - ************Starting test case************
17:41:31.991 [TestNG-tests-1] INFO  testCases.TC_001_AccountRegistrationTest.verify_account_registry(TC_001_AccountRegistrationTest.java:18)oggger - Click on Account
17:41:32.115 [TestNG-tests-1] INFO  testCases.TC_001_AccountRegistrationTest.verify_account_registry(TC_001_AccountRegistrationTest.java:21)oggger - Click on Registration
17:41:33.806 [TestNG-tests-2] INFO  testCases.TC_001_AccountRegistrationTest.verify_account_registry(TC_001_AccountRegistrationTest.java:15)oggger - ************Starting test case************
